[ 2019-06-04T10:56:10+08:00 ] ::1 /index.php?g=Admin&m=public&a=dologin
INFO: [ app_begin ] --START--
INFO: Run Behavior\ReadHtmlCacheBehavior [ RunTime:0.000000s ]
INFO: Run Behavior\CheckLangBehavior [ RunTime:0.015603s ]
INFO: [ app_begin ] --END-- [ RunTime:0.015603s ]
SQL: SHOW COLUMNS FROM `cmf_users` [ RunTime:0.0000s ]
SQL: SELECT * FROM `cmf_users` WHERE `user_login` = 'admin' LIMIT 1   [ RunTime:0.0000s ]

[ 2019-06-04T10:56:34+08:00 ] ::1 /index.php?g=Admin&m=public&a=dologin
INFO: [ app_begin ] --START--
INFO: Run Behavior\ReadHtmlCacheBehavior [ RunTime:0.015603s ]
INFO: Run Behavior\CheckLangBehavior [ RunTime:0.000000s ]
INFO: [ app_begin ] --END-- [ RunTime:0.015603s ]
SQL: SHOW COLUMNS FROM `cmf_users` [ RunTime:0.0000s ]
SQL: SELECT * FROM `cmf_users` WHERE `user_login` = 'guest' LIMIT 1   [ RunTime:0.0000s ]
SQL: SHOW COLUMNS FROM `cmf_role_user` [ RunTime:0.0000s ]
SQL: SELECT `role_id` FROM cmf_role_user a INNER JOIN cmf_role as b on a.role_id =b.id  WHERE `user_id` = '69' AND `status` = 1  [ RunTime:0.0156s ]
SQL: UPDATE `cmf_users` SET `user_login`='guest',`user_pass`='###6963dde0cef4c0ed79a79508f89a7c44',`user_nicename`='',`user_email`='guest@168.com',`user_url`='',`avatar`='',`avatar_thumb`='',`sex`='0',`age`='0',`birthday`='',`signature`='',`last_login_ip`='0.0.0.0',`last_login_time`='2019-06-04 10:56:34',`create_time`='2016-04-21 12:03:10',`user_activation_key`='',`user_status`='1',`score`='0',`user_type`='1',`coin`='0',`mobile`='',`token`='',`expiretime`='0',`weixin`='',`consumption`='0',`votes`='0.00',`votestotal`='0',`province`='',`city`='',`area`='',`isrecommend`='0',`openid`='',`login_type`='phone',`iszombie`='0',`isrecord`='0',`iszombiep`='0',`issuper`='0',`ishot`='1',`isauth`='0',`bonus_day`='0',`bonus_time`='0',`goodnum`='0',`code`='',`divide_family`='0' WHERE `id` = '69' [ RunTime:0.0000s ]

[ 2019-06-04T10:57:53+08:00 ] ::1 /index.php?g=Admin&m=Extension&a=default&menuid=39
ERR: 无法加载控制器:Extension

[ 2019-06-04T11:00:25+08:00 ] ::1 /index.php?g=Admin&m=public&a=dologin
INFO: [ app_begin ] --START--
INFO: Run Behavior\ReadHtmlCacheBehavior [ RunTime:0.015600s ]
INFO: Run Behavior\CheckLangBehavior [ RunTime:0.000000s ]
INFO: [ app_begin ] --END-- [ RunTime:0.015600s ]
SQL: SHOW COLUMNS FROM `cmf_users` [ RunTime:0.0000s ]
SQL: SELECT * FROM `cmf_users` WHERE `user_login` = 'admin2' LIMIT 1   [ RunTime:0.0000s ]

[ 2019-06-04T11:00:35+08:00 ] ::1 /index.php?g=Admin&m=public&a=dologin
INFO: [ app_begin ] --START--
INFO: Run Behavior\ReadHtmlCacheBehavior [ RunTime:0.000000s ]
INFO: Run Behavior\CheckLangBehavior [ RunTime:0.000000s ]
INFO: [ app_begin ] --END-- [ RunTime:0.000000s ]
SQL: SHOW COLUMNS FROM `cmf_users` [ RunTime:0.0000s ]
SQL: SELECT * FROM `cmf_users` WHERE `user_login` = 'admin2' LIMIT 1   [ RunTime:0.0000s ]

[ 2019-06-04T11:00:41+08:00 ] ::1 /index.php?g=Admin&m=public&a=dologin
INFO: [ app_begin ] --START--
INFO: Run Behavior\ReadHtmlCacheBehavior [ RunTime:0.000000s ]
INFO: Run Behavior\CheckLangBehavior [ RunTime:0.000000s ]
INFO: [ app_begin ] --END-- [ RunTime:0.000000s ]
SQL: SHOW COLUMNS FROM `cmf_users` [ RunTime:0.0000s ]
SQL: SELECT * FROM `cmf_users` WHERE `user_login` = 'admin' LIMIT 1   [ RunTime:0.0000s ]
SQL: SHOW COLUMNS FROM `cmf_role_user` [ RunTime:0.0000s ]
SQL: SELECT `role_id` FROM cmf_role_user a INNER JOIN cmf_role as b on a.role_id =b.id  WHERE `user_id` = '1' AND `status` = 1  [ RunTime:0.0000s ]
SQL: UPDATE `cmf_users` SET `user_login`='admin',`user_pass`='###6963dde0cef4c0ed79a79508f89a7c44',`user_nicename`='admin',`user_email`='admin@qq.com',`user_url`='http://dsppojie.yunbaozhibo.com',`avatar`='',`avatar_thumb`='',`sex`='0',`age`='0',`birthday`='',`signature`='',`last_login_ip`='0.0.0.0',`last_login_time`='2019-06-04 11:00:41',`create_time`='2016-03-07 08:47:52',`user_activation_key`='',`user_status`='1',`score`='0',`user_type`='1',`coin`='0',`mobile`='',`token`='03e705532437f028c66387607f660ec9',`expiretime`='1522162191',`weixin`='',`consumption`='0',`votes`='0.00',`votestotal`='0',`province`='',`city`='',`area`='',`isrecommend`='0',`openid`='',`login_type`='phone',`iszombie`='0',`isrecord`='0',`iszombiep`='0',`issuper`='0',`ishot`='1',`isauth`='0',`bonus_day`='0',`bonus_time`='0',`goodnum`='0',`code`='',`divide_family`='0' WHERE `id` = '1' [ RunTime:0.0000s ]

